<?xml version="1.0" encoding="UTF-8"?>
<robot generator="Robot 6.1.1 (Python 3.8.10 on linux)" generated="20231013 12:46:22.118" rpa="false" schemaversion="4">
<suite id="s1" name="My Tests" source="/home/joelchacon/PythonTestingFrameworks/robot/my_tests.robot">
<test id="s1-t1" name="My First Test" line="5">
<kw name="Open Browser" library="SeleniumLibrary">
<arg>https://www.example.com</arg>
<arg>chrome</arg>
<doc>Opens a new browser instance to the optional ``url``.</doc>
<msg timestamp="20231013 12:46:22.197" level="INFO">Opening browser 'chrome' to base url 'https://www.example.com'.</msg>
<status status="PASS" starttime="20231013 12:46:22.196" endtime="20231013 12:46:23.408"/>
</kw>
<kw name="Page Should Contain" library="SeleniumLibrary">
<arg>Example Domain</arg>
<doc>Verifies that current page contains ``text``.</doc>
<msg timestamp="20231013 12:46:23.424" level="INFO">Current page contains text 'Example Domain'.</msg>
<status status="PASS" starttime="20231013 12:46:23.408" endtime="20231013 12:46:23.424"/>
</kw>
<kw name="Close Browser" library="SeleniumLibrary">
<doc>Closes the current browser.</doc>
<status status="PASS" starttime="20231013 12:46:23.424" endtime="20231013 12:46:23.481"/>
</kw>
<status status="PASS" starttime="20231013 12:46:22.196" endtime="20231013 12:46:23.481"/>
</test>
<status status="PASS" starttime="20231013 12:46:22.118" endtime="20231013 12:46:23.481"/>
</suite>
<statistics>
<total>
<stat pass="1" fail="0" skip="0">All Tests</stat>
</total>
<tag>
</tag>
<suite>
<stat pass="1" fail="0" skip="0" id="s1" name="My Tests">My Tests</stat>
</suite>
</statistics>
<errors>
</errors>
</robot>
